<?xml version="1.0" encoding="UTF-8"?>
<!-- Generated by org.testng.reporters.JUnitReportReporter -->
<testsuite skipped="0" hostname="TL0020" name="testcase.CreateLeadTest" tests="2" failures="0" timestamp="2022-12-17T18:35:34 IST" time="51.722" errors="0">
  <testcase name="runCreateLead" time="26.283" classname="testcase.CreateLeadTest"/>
  <system-out/>
  <testcase name="runCreateLead" time="25.439" classname="testcase.CreateLeadTest"/>
  <system-out/>
</testsuite> <!-- testcase.CreateLeadTest -->
