<?xml version="1.0" encoding="UTF-8"?>
<!-- Generated by org.testng.reporters.JUnitReportReporter -->
<testsuite skipped="0" hostname="TL0020" name="testcase.LoginTest" tests="1" failures="0" timestamp="2022-12-17T18:35:34 IST" time="8.242" errors="0">
  <testcase name="runLogin" time="8.242" classname="testcase.LoginTest"/>
  <system-out/>
</testsuite> <!-- testcase.LoginTest -->
